2024-05-10 11:39:53,040 - ERROR - el archivo no se ha abierto
2024-05-10 11:39:53,040 - INFO - La ejecucion de la tarea ha sido un exito
2024-05-10 11:40:12,203 - ERROR - el archivo no se ha abierto
2024-05-10 11:40:12,204 - INFO - La ejecucion de la tarea ha sido un exito
2024-05-10 11:40:26,413 - INFO - Archivo leido correctamente
2024-05-10 11:40:26,414 - INFO - 1 palabras escritas en ./sortida/words-ing.txt
2024-05-10 11:40:26,414 - INFO - 6 palabras escritas en ./sortida/words-itb.txt
2024-05-10 11:40:26,414 - INFO - 41 palabras escritas en ./sortida/words-tic.txt
2024-05-10 11:40:26,414 - INFO - 42 palabras escritas en ./sortida/words-tica.txt
2024-05-10 11:40:26,414 - INFO - 0 palabras escritas en ./sortida/words-cio.txt
2024-05-10 11:40:26,415 - INFO - Archivo escrito correctamente
2024-05-10 11:40:26,415 - INFO - La ejecucion de la tarea ha sido un exito
2024-05-10 12:04:20,884 - INFO - Archivo leido correctamente
2024-05-10 12:04:20,885 - INFO - 1 palabras escritas en ./sortida/words-ing.txt
2024-05-10 12:04:20,885 - INFO - 6 palabras escritas en ./sortida/words-itb.txt
2024-05-10 12:04:20,886 - INFO - 41 palabras escritas en ./sortida/words-tic.txt
2024-05-10 12:04:20,886 - INFO - 42 palabras escritas en ./sortida/words-tica.txt
2024-05-10 12:04:20,886 - INFO - 0 palabras escritas en ./sortida/words-cio.txt
2024-05-10 12:04:20,887 - INFO - Archivo escrito correctamente
2024-05-10 12:04:20,887 - INFO - La ejecucion de la tarea ha sido un exito
