2024-05-09 19:36:25,543 - INFO - Leyendo el archivo paraules.txt...
2024-05-09 19:36:25,630 - INFO - Las palabras del fichero de entrada 'paraules.txt' se han escrito en el archivo correspondiente.
2024-05-09 19:36:25,630 - INFO - Se ha terminado de escribir en el archivo correspondiente.
2024-05-09 19:36:25,633 - INFO - Las palabras del fichero de entrada 'paraules.txt' se han escrito en el archivo 'vocales.txt'.
2024-05-09 19:36:25,633 - INFO - Se ha terminado de escribir en el archivo 'vocales.txt'.
2024-05-09 19:38:08,409 - INFO - Leyendo el archivo paraules.txt...
2024-05-09 19:38:08,501 - INFO - Las palabras del fichero de entrada 'paraules.txt' se han escrito en el archivo correspondiente.
2024-05-09 19:38:08,501 - INFO - Se ha terminado de escribir en el archivo correspondiente.
2024-05-09 19:38:08,503 - INFO - Las palabras del fichero de entrada 'paraules.txt' se han escrito en el archivo 'vocales.txt'.
2024-05-09 19:38:08,503 - INFO - Se ha terminado de escribir en el archivo 'vocales.txt'.
2024-05-09 20:22:54,024 - INFO - Leyendo el archivo paraules.txt...
2024-05-09 20:22:54,116 - INFO - Las palabras del fichero de entrada 'paraules.txt' se han escrito en el archivo correspondiente.
2024-05-09 20:22:54,116 - INFO - Se ha terminado de escribir en el archivo correspondiente.
2024-05-09 20:22:54,118 - INFO - Las palabras del fichero de entrada 'paraules.txt' se han escrito en el archivo 'vocales.txt'.
2024-05-09 20:22:54,118 - INFO - Se ha terminado de escribir en el archivo 'vocales.txt'.
2024-05-09 20:25:12,446 - INFO - Leyendo el archivo paraules.txt...
2024-05-09 20:25:12,545 - INFO - Las palabras del fichero de entrada 'paraules.txt' se han escrito en el archivo correspondiente.
2024-05-09 20:25:12,545 - INFO - Se ha terminado de escribir en el archivo correspondiente.
2024-05-09 20:25:12,548 - INFO - Las palabras del fichero de entrada 'paraules.txt' se han escrito en el archivo 'vocales.txt'.
2024-05-09 20:25:12,548 - INFO - Se ha terminado de escribir en el archivo 'vocales.txt'.
2024-05-10 08:47:01,615 - INFO - Leyendo el archivo paraules.txt...
2024-05-10 08:47:01,665 - INFO - Las palabras del fichero de entrada 'paraules.txt' se han escrito en el archivo correspondiente.
2024-05-10 08:47:01,665 - INFO - Se ha terminado de escribir en el archivo correspondiente.
2024-05-10 08:47:01,672 - INFO - Las palabras del fichero de entrada 'paraules.txt' se han escrito en el archivo 'vocales.txt'.
2024-05-10 08:47:01,672 - INFO - Se ha terminado de escribir en el archivo 'vocales.txt'.
2024-05-10 08:47:24,820 - INFO - Leyendo el archivo paraules.txt...
2024-05-10 08:47:24,876 - INFO - Las palabras del fichero de entrada 'paraules.txt' se han escrito en el archivo correspondiente.
2024-05-10 08:47:24,876 - INFO - Se ha terminado de escribir en el archivo correspondiente.
2024-05-10 08:47:24,880 - INFO - Las palabras del fichero de entrada 'paraules.txt' se han escrito en el archivo 'vocales.txt'.
2024-05-10 08:47:24,880 - INFO - Se ha terminado de escribir en el archivo 'vocales.txt'.
