2024-05-09 20:08:07,887 - ERROR - Error al leer de .\entrada\paraules.txt: [Errno 2] No such file or directory: '.\\entrada\\paraules.txt'
2024-05-09 20:08:07,888 - INFO - 0 palabras escritas en .\sortida\words-ing.txt
2024-05-09 20:08:07,888 - INFO - 0 palabras escritas en .\sortida\words-tic.txt
2024-05-09 20:08:07,889 - INFO - 0 palabras escritas en .\sortida\words-tica.txt
2024-05-09 20:08:07,889 - INFO - 0 palabras escritas en .\sortida\words-cio.txt
2024-05-09 20:10:16,861 - INFO - 1922 palabras leídas de .\entrada\paraules.txt
2024-05-09 20:10:16,862 - INFO - 0 palabras escritas en .\sortida\words-ing.txt
2024-05-09 20:10:16,863 - INFO - 0 palabras escritas en .\sortida\words-tic.txt
2024-05-09 20:10:16,863 - INFO - 0 palabras escritas en .\sortida\words-tica.txt
2024-05-09 20:10:16,864 - INFO - 0 palabras escritas en .\sortida\words-cio.txt
2024-05-09 20:10:56,951 - INFO - 1926 palabras leídas de .\entrada\paraules.txt
2024-05-09 20:10:56,952 - INFO - 1 palabras escritas en .\sortida\words-ing.txt
2024-05-09 20:10:56,952 - INFO - 2 palabras escritas en .\sortida\words-tic.txt
2024-05-09 20:10:56,953 - INFO - 1 palabras escritas en .\sortida\words-tica.txt
2024-05-09 20:10:56,953 - INFO - 1 palabras escritas en .\sortida\words-cio.txt
2024-05-09 20:16:42,438 - INFO - 1926 palabras leídas de .\entrada\paraules.txt
2024-05-09 20:16:42,439 - INFO - 1 palabras escritas en .\sortida\words-ing.txt
2024-05-09 20:16:42,439 - INFO - 2 palabras escritas en .\sortida\words-tic.txt
2024-05-09 20:16:42,439 - INFO - 1 palabras escritas en .\sortida\words-tica.txt
2024-05-09 20:16:42,440 - INFO - 1 palabras escritas en .\sortida\words-cio.txt
2024-05-09 20:27:55,025 - INFO - 1926 palabras leídas de .\entrada\paraules.txt
2024-05-09 20:27:55,027 - INFO - 1 palabras escritas en .\sortida\words-ing.txt
2024-05-09 20:27:55,027 - INFO - 2 palabras escritas en .\sortida\words-tic.txt
2024-05-09 20:27:55,027 - INFO - 1 palabras escritas en .\sortida\words-tica.txt
2024-05-09 20:27:55,027 - INFO - 1 palabras escritas en .\sortida\words-cio.txt
2024-05-09 20:30:14,279 - INFO - 1926 palabras leídas de .\entrada\paraules.txt
2024-05-09 20:30:14,280 - INFO - 1 palabras escritas en .\sortida\words-ing.txt
2024-05-09 20:30:14,280 - INFO - 2 palabras escritas en .\sortida\words-tic.txt
2024-05-09 20:30:14,281 - INFO - 1 palabras escritas en .\sortida\words-tica.txt
2024-05-09 20:30:14,281 - INFO - 1 palabras escritas en .\sortida\words-cio.txt
2024-05-09 20:30:14,282 - INFO - 16 palabras escritas en .\sortida\words-cio.txt
2024-05-09 20:31:19,494 - INFO - 1928 palabras leídas de .\entrada\paraules.txt
2024-05-09 20:31:19,495 - INFO - 1 palabras escritas en .\sortida\words-ing.txt
2024-05-09 20:31:19,495 - INFO - 2 palabras escritas en .\sortida\words-tic.txt
2024-05-09 20:31:19,496 - INFO - 1 palabras escritas en .\sortida\words-tica.txt
2024-05-09 20:31:19,496 - INFO - 1 palabras escritas en .\sortida\words-cio.txt
2024-05-09 20:31:19,497 - INFO - 28 palabras escritas en .\sortida\words-cio.txt
2024-05-09 20:31:35,513 - INFO - 1928 palabras leídas de .\entrada\paraules.txt
2024-05-09 20:31:35,514 - INFO - 1 palabras escritas en .\sortida\words-ing.txt
2024-05-09 20:31:35,514 - INFO - 2 palabras escritas en .\sortida\words-tic.txt
2024-05-09 20:31:35,515 - INFO - 1 palabras escritas en .\sortida\words-tica.txt
2024-05-09 20:31:35,515 - INFO - 1 palabras escritas en .\sortida\words-cio.txt
2024-05-09 20:31:35,516 - INFO - 28 palabras escritas en .\sortida\words-ac.txt
2024-05-09 20:45:44,596 - ERROR - El directorio de salida .\_sortida no existe.
2024-05-09 21:11:19,694 - ERROR - El directorio de salida .\_sortida no existe.
2024-05-09 21:11:37,120 - INFO - 1928 palabras leídas de .\entrada\paraules.txt
2024-05-09 21:11:37,121 - INFO - 1 palabras escritas en .\sortida\words-ing.txt
2024-05-09 21:11:37,121 - INFO - 2 palabras escritas en .\sortida\words-tic.txt
2024-05-09 21:11:37,122 - INFO - 1 palabras escritas en .\sortida\words-tica.txt
2024-05-09 21:11:37,122 - INFO - 1 palabras escritas en .\sortida\words-cio.txt
2024-05-09 21:11:37,123 - INFO - 28 palabras escritas en .\sortida\words-ac.txt
2024-05-10 08:46:03,149 - INFO - 1928 palabras leídas de ./entrada/paraules.txt
2024-05-10 08:46:03,150 - INFO - 1 palabras escritas en ./sortida/words-ing.txt
2024-05-10 08:46:03,150 - INFO - 2 palabras escritas en ./sortida/words-tic.txt
2024-05-10 08:46:03,151 - INFO - 1 palabras escritas en ./sortida/words-tica.txt
2024-05-10 08:46:03,151 - INFO - 1 palabras escritas en ./sortida/words-cio.txt
2024-05-10 08:46:03,151 - INFO - 28 palabras escritas en ./sortida/words-ac.txt
